<?xml version="1.0" encoding="UTF-8"?>
<testsuite xmlns:xsi="http://www.w3.org/2001/XMLSchema-instance" xsi:noNamespaceSchemaLocation="https://maven.apache.org/surefire/maven-surefire-plugin/xsd/surefire-test-report.xsd" name="com.ocp.chapter4.PascalTriangleFactoryTest" time="0.03" tests="6" errors="0" skipped="0" failures="0">
  <properties>
    <property name="gopherProxySet" value="false"/>
    <property name="awt.toolkit" value="sun.lwawt.macosx.LWCToolkit"/>
    <property name="file.encoding.pkg" value="sun.io"/>
    <property name="java.specification.version" value="1.8"/>
    <property name="sun.cpu.isalist" value=""/>
    <property name="sun.jnu.encoding" value="UTF-8"/>
    <property name="java.class.path" value="/Users/djunior/IdeaProjects/ocp/target/test-classes:/Users/djunior/IdeaProjects/ocp/target/classes:/Users/djunior/.m2/repository/org/junit/jupiter/junit-jupiter-api/5.8.2/junit-jupiter-api-5.8.2.jar:/Users/djunior/.m2/repository/org/opentest4j/opentest4j/1.2.0/opentest4j-1.2.0.jar:/Users/djunior/.m2/repository/org/junit/platform/junit-platform-commons/1.8.2/junit-platform-commons-1.8.2.jar:/Users/djunior/.m2/repository/org/apiguardian/apiguardian-api/1.1.2/apiguardian-api-1.1.2.jar:/Users/djunior/.m2/repository/org/junit/jupiter/junit-jupiter-engine/5.8.1/junit-jupiter-engine-5.8.1.jar:/Users/djunior/.m2/repository/org/junit/platform/junit-platform-engine/1.8.1/junit-platform-engine-1.8.1.jar:/Users/djunior/.m2/repository/org/hamcrest/hamcrest/2.2/hamcrest-2.2.jar:"/>
    <property name="java.vm.vendor" value="Azul Systems, Inc."/>
    <property name="sun.arch.data.model" value="64"/>
    <property name="java.vendor.url" value="http://www.azul.com/"/>
    <property name="user.timezone" value=""/>
    <property name="java.vm.specification.version" value="1.8"/>
    <property name="os.name" value="Mac OS X"/>
    <property name="user.country" value="PT"/>
    <property name="sun.java.launcher" value="SUN_STANDARD"/>
    <property name="sun.boot.library.path" value="/Users/djunior/Library/Java/JavaVirtualMachines/azul-1.8.0_302/Contents/Home/jre/lib"/>
    <property name="sun.java.command" value="/Users/djunior/IdeaProjects/ocp/target/surefire/surefirebooter8617970751380578593.jar /Users/djunior/IdeaProjects/ocp/target/surefire 2022-05-23T18-22-23_438-jvmRun1 surefire7593426716260422629tmp surefire_08283374857289465157tmp"/>
    <property name="http.nonProxyHosts" value="local|*.local|169.254/16|*.169.254/16"/>
    <property name="surefire.test.class.path" value="/Users/djunior/IdeaProjects/ocp/target/test-classes:/Users/djunior/IdeaProjects/ocp/target/classes:/Users/djunior/.m2/repository/org/junit/jupiter/junit-jupiter-api/5.8.2/junit-jupiter-api-5.8.2.jar:/Users/djunior/.m2/repository/org/opentest4j/opentest4j/1.2.0/opentest4j-1.2.0.jar:/Users/djunior/.m2/repository/org/junit/platform/junit-platform-commons/1.8.2/junit-platform-commons-1.8.2.jar:/Users/djunior/.m2/repository/org/apiguardian/apiguardian-api/1.1.2/apiguardian-api-1.1.2.jar:/Users/djunior/.m2/repository/org/junit/jupiter/junit-jupiter-engine/5.8.1/junit-jupiter-engine-5.8.1.jar:/Users/djunior/.m2/repository/org/junit/platform/junit-platform-engine/1.8.1/junit-platform-engine-1.8.1.jar:/Users/djunior/.m2/repository/org/hamcrest/hamcrest/2.2/hamcrest-2.2.jar:"/>
    <property name="test" value="com.ocp.chapter4.PascalTriangleFactoryTest"/>
    <property name="sun.cpu.endian" value="little"/>
    <property name="user.home" value="/Users/djunior"/>
    <property name="user.language" value="en"/>
    <property name="java.specification.vendor" value="Oracle Corporation"/>
    <property name="java.home" value="/Users/djunior/Library/Java/JavaVirtualMachines/azul-1.8.0_302/Contents/Home/jre"/>
    <property name="basedir" value="/Users/djunior/IdeaProjects/ocp"/>
    <property name="file.separator" value="/"/>
    <property name="line.separator" value="&#10;"/>
    <property name="jdk.vendor.version" value="Zulu 8.56.0.21-CA-macosx"/>
    <property name="java.vm.specification.vendor" value="Oracle Corporation"/>
    <property name="java.specification.name" value="Java Platform API Specification"/>
    <property name="java.awt.graphicsenv" value="sun.awt.CGraphicsEnvironment"/>
    <property name="surefire.real.class.path" value="/Users/djunior/IdeaProjects/ocp/target/surefire/surefirebooter8617970751380578593.jar"/>
    <property name="sun.boot.class.path" value="/Users/djunior/Library/Java/JavaVirtualMachines/azul-1.8.0_302/Contents/Home/jre/lib/resources.jar:/Users/djunior/Library/Java/JavaVirtualMachines/azul-1.8.0_302/Contents/Home/jre/lib/rt.jar:/Users/djunior/Library/Java/JavaVirtualMachines/azul-1.8.0_302/Contents/Home/jre/lib/sunrsasign.jar:/Users/djunior/Library/Java/JavaVirtualMachines/azul-1.8.0_302/Contents/Home/jre/lib/jsse.jar:/Users/djunior/Library/Java/JavaVirtualMachines/azul-1.8.0_302/Contents/Home/jre/lib/jce.jar:/Users/djunior/Library/Java/JavaVirtualMachines/azul-1.8.0_302/Contents/Home/jre/lib/charsets.jar:/Users/djunior/Library/Java/JavaVirtualMachines/azul-1.8.0_302/Contents/Home/jre/lib/jfr.jar:/Users/djunior/Library/Java/JavaVirtualMachines/azul-1.8.0_302/Contents/Home/jre/classes"/>
    <property name="sun.management.compiler" value="HotSpot 64-Bit Tiered Compilers"/>
    <property name="ftp.nonProxyHosts" value="local|*.local|169.254/16|*.169.254/16"/>
    <property name="java.runtime.version" value="1.8.0_302-b08"/>
    <property name="user.name" value="djunior"/>
    <property name="path.separator" value=":"/>
    <property name="os.version" value="10.16"/>
    <property name="java.endorsed.dirs" value="/Users/djunior/Library/Java/JavaVirtualMachines/azul-1.8.0_302/Contents/Home/jre/lib/endorsed"/>
    <property name="java.runtime.name" value="OpenJDK Runtime Environment"/>
    <property name="file.encoding" value="UTF-8"/>
    <property name="java.vm.name" value="OpenJDK 64-Bit Server VM"/>
    <property name="localRepository" value="/Users/djunior/.m2/repository"/>
    <property name="java.vendor.url.bug" value="http://www.azul.com/support/"/>
    <property name="java.io.tmpdir" value="/var/folders/1g/wv0glgcd6h17x4ml2fqgxn8r0000gn/T/"/>
    <property name="idea.version" value="2021.2"/>
    <property name="java.version" value="1.8.0_302"/>
    <property name="user.dir" value="/Users/djunior/IdeaProjects/ocp"/>
    <property name="os.arch" value="x86_64"/>
    <property name="java.vm.specification.name" value="Java Virtual Machine Specification"/>
    <property name="java.awt.printerjob" value="sun.lwawt.macosx.CPrinterJob"/>
    <property name="sun.os.patch.level" value="unknown"/>
    <property name="java.library.path" value="/Users/djunior/Library/Java/Extensions:/Library/Java/Extensions:/Network/Library/Java/Extensions:/System/Library/Java/Extensions:/usr/lib/java:."/>
    <property name="java.vm.info" value="mixed mode"/>
    <property name="java.vendor" value="Azul Systems, Inc."/>
    <property name="java.vm.version" value="25.302-b08"/>
    <property name="java.ext.dirs" value="/Users/djunior/Library/Java/Extensions:/Users/djunior/Library/Java/JavaVirtualMachines/azul-1.8.0_302/Contents/Home/jre/lib/ext:/Library/Java/Extensions:/Network/Library/Java/Extensions:/System/Library/Java/Extensions:/usr/lib/java"/>
    <property name="sun.io.unicode.encoding" value="UnicodeBig"/>
    <property name="java.class.version" value="52.0"/>
    <property name="socksNonProxyHosts" value="local|*.local|169.254/16|*.169.254/16"/>
  </properties>
  <testcase name="whenCreatingATriangleWithLength5_thenATriangleWithFiveRows" classname="com.ocp.chapter4.PascalTriangleFactoryTest" time="0.018"/>
  <testcase name="whenCreatingATriangleWithLength10_thenATriangleWithTenRows" classname="com.ocp.chapter4.PascalTriangleFactoryTest" time="0"/>
  <testcase name="whenCreatingATriangleWithLength2_thenATriangleWithTwoRows" classname="com.ocp.chapter4.PascalTriangleFactoryTest" time="0.001"/>
  <testcase name="whenCreatingATriangleWith0Length_thenTriangleIsEmpty" classname="com.ocp.chapter4.PascalTriangleFactoryTest" time="0.001"/>
  <testcase name="whenCreatingATriangleWithLength1_thenATriangleWithOneRow" classname="com.ocp.chapter4.PascalTriangleFactoryTest" time="0.001"/>
  <testcase name="whenCreatingATriangleWithNegativeLength_thenExceptionIsThrown" classname="com.ocp.chapter4.PascalTriangleFactoryTest" time="0.003"/>
</testsuite>